Chess Tournament Server running on http://localhost:3000
Register request: hwan, isComputer: false, level: null
Player registered: hwan
Register request: cpu10, isComputer: true, level: 10
Player registered: cpu10
Start tournament request: 5 minutes
Tournament started! Duration: 300000ms, Allow Variants: true, Allowed: standard, freestyle, kungfu, crazyhouse, kingofthehill
Auto-offer: cpu10 offering 1m+0s [kungfu] (Targeting: hwan)
Creating game: cpu10 (White) vs hwan (Black)
Creating game between cpu10 and hwan, variant: kungfu, cooldown: 10s
[ChessGame] Constructor called with variant: "kungfu", startPos: "random", cooldown: 10s
[ChessGame] Standard mode, using setupBoard()
[COMPUTER] Initializing Stockfish level 10
Starting game game_1 (variant: kungfu, computers: W=true, B=false)
startGame called. White: computer, Black: human, Variant: kungfu
[KungFu] Starting computer loop for white
[SF_WORKER] Starting...
[COMPUTER] Not ready, using SimpleEngine fallback
[KungFu] white moved g1f3
[Matchmaking] 0 idle computers, 0 active offers, 0 available players
[COMPUTER] Not ready, using SimpleEngine fallback
[KungFu] white moved b1a3
[SF_WORKER] Stockfish loaded
[SF_WORKER] Ready
[COMPUTER] Stockfish ready
[COMPUTER] Level 10, remaining: 300ms, consistency: 50ms
[COMPUTER] Bestmove: e2e3, eval: 0, took: 614ms
[COMPUTER] Bestmove: e2e4, eval: 158, took: 242ms
[COMPUTER] Bestmove: d2d4, eval: 137, took: 57ms
[COMPUTER] Bestmove: d2d3, eval: 137, took: 54ms
[COMPUTER] Bestmove: d2d3, eval: 111, took: 67ms
[COMPUTER] Consistent move 'd2d3' after 1034ms. Waiting 2585ms before returning move
[Matchmaking] 0 idle computers, 0 active offers, 0 available players
black resigned. Winner: cpu10
Game game_1 ended. Winner: cpu10, Reason: resignation
hwan ELO: 400 → 400 (+0)
cpu10 wins! Gets 13304 ms (3× × 0.76 rank × 1.12 opp × 1.00 dur × 1.00 var = ×0.85)
[GAME] Terminating White Computer
[GAME] Terminating White Computer
hwan ELO: 400 → 400 (+0)
cpu10 wins! Gets 13307 ms (3× × 0.76 rank × 1.12 opp × 1.00 dur × 1.00 var = ×0.85)
[Matchmaking] 1 idle computers, 0 active offers, 2 available players
Auto-offer: cpu10 offering 1m+0s [kingofthehill] (Targeting: hwan)
[Matchmaking] 0 idle computers, 1 active offers, 2 available players
Scores cleared via API, players kept
Start tournament request: 5 minutes
Tournament started! Duration: 300000ms, Allow Variants: true, Allowed: standard, freestyle, kungfu, crazyhouse, kingofthehill
[MONITOR] Running: true, Remaining: 5.0m, ActiveGames: 0, Offers: 1
[Matchmaking] 0 idle computers, 1 active offers, 2 available players
Creating game: hwan (White) vs cpu10 (Black)
Creating game between hwan and cpu10, variant: kingofthehill, cooldown: 10s
[ChessGame] Constructor called with variant: "kingofthehill", startPos: "random", cooldown: 10s
[ChessGame] Standard mode, using setupBoard()
[COMPUTER] Initializing Stockfish level 10
[SF_WORKER] Starting...
[Matchmaking] 0 idle computers, 0 active offers, 0 available players
[COMPUTER] Stockfish ready
[SF_WORKER] Stockfish loaded
[SF_WORKER] Ready
[Matchmaking] 0 idle computers, 0 active offers, 0 available players
white resigned. Winner: cpu10
Game game_2 ended. Winner: cpu10, Reason: resignation
hwan ELO: 400 → 400 (+0)
cpu10 wins! Gets 20804 ms (3× × 0.76 rank × 1.12 opp × 1.00 dur × 1.00 var = ×0.85)
[GAME] Terminating Black Computer
[GAME] Terminating Black Computer
hwan ELO: 400 → 400 (+0)
cpu10 wins! Gets 20812 ms (3× × 0.76 rank × 1.12 opp × 1.00 dur × 1.00 var = ×0.85)
Auto-offer: cpu10 offering 1m+0s [standard] (Targeting: hwan)
[Matchmaking] 0 idle computers, 1 active offers, 2 available players
[Matchmaking] 0 idle computers, 1 active offers, 2 available players
[Matchmaking] 0 idle computers, 1 active offers, 2 available players
[Matchmaking] 0 idle computers, 1 active offers, 2 available players
[Matchmaking] 0 idle computers, 1 active offers, 2 available players
[Matchmaking] 0 idle computers, 1 active offers, 2 available players
Tournament state reset.
Tournament reset via API
